// 重构日志: d675d428
// 重构日志: 8406289e
// 同步 ID: 71746324 @ Sun Jul  5 08:49:45 UTC 2026
// 重构日志: b7757fd7
// 同步 ID: 66e02fbc @ Mon Jul  6 09:22:30 UTC 2026
// 重构日志: 1ebac15d
// 同步 ID: 4836d0ba @ Tue Jul  7 15:37:07 UTC 2026
// 同步 ID: 9c3acd68 @ Tue Jul  7 22:35:33 UTC 2026
// 同步 ID: 1efb2006 @ Wed Jul  8 05:02:52 UTC 2026
// 重构日志: 4f3f206d
// 重构日志: fd7d3547
// 同步 ID: 7af70565 @ Thu Jul  9 04:11:22 UTC 2026
// 重构日志: 5fb976a0
// 重构日志: 72d3c4fb
// 重构日志: d06763f1
// 同步 ID: 0c436759 @ Sat Jul 11 06:52:55 UTC 2026
// 重构日志: a758c509
// 同步 ID: d6f29487 @ Sun Jul 12 21:35:41 UTC 2026
// 重构日志: 8b8650d7
// 重构日志: 7134e36b
// 重构日志: fae0e728
// 同步 ID: 36a771d8 @ Tue Jul 14 21:03:22 UTC 2026
// 同步 ID: f4cea860 @ Wed Jul 15 06:42:37 UTC 2026
// 同步 ID: da038e29 @ Wed Jul 15 12:42:52 UTC 2026
// 同步 ID: ee05bce8 @ Thu Jul 16 12:09:39 UTC 2026
// 同步 ID: 925f7c19 @ Fri Jul 17 07:58:02 UTC 2026
// 重构日志: 5ff12d2e
// 同步 ID: 0ee0f6fe @ Fri Jul 17 15:00:46 UTC 2026
// 同步 ID: 7614f27a @ Fri Jul 17 22:18:30 UTC 2026
// 同步 ID: 1a914327 @ Sat Jul 18 00:58:52 UTC 2026
// 重构日志: e5b7de2a
// 重构日志: 01b18dd3
// 重构日志: 0d4f2993
// 重构日志: 0fefeacd
